<?xml version="1.0" encoding="UTF-8"?>
<testng-results skipped="0" failed="1" total="1" passed="0">
  <reporter-output>
  </reporter-output>
  <suite name="Default suite" duration-ms="24340" started-at="2017-09-09T17:14:48Z" finished-at="2017-09-09T17:15:12Z">
    <groups>
    </groups>
    <test name="Default test" duration-ms="24340" started-at="2017-09-09T17:14:48Z" finished-at="2017-09-09T17:15:12Z">
      <class name="com.justrechargeit.testProfile.UpdateProfileWithValidData">
        <test-method status="PASS" signature="setupDataProvidere()[pri:0, instance:com.justrechargeit.testProfile.UpdateProfileWithValidData@28d25987]" name="setupDataProvidere" is-config="true" duration-ms="349" started-at="2017-09-09T22:44:48Z" finished-at="2017-09-09T22:44:48Z">
          <reporter-output>
          </reporter-output>
        </test-method> <!-- setupDataProvidere -->
        <test-method status="PASS" signature="setupMethod(java.lang.String)[pri:0, instance:com.justrechargeit.testProfile.UpdateProfileWithValidData@28d25987]" name="setupMethod" is-config="true" duration-ms="19181" started-at="2017-09-09T22:44:48Z" finished-at="2017-09-09T22:45:07Z">
          <params>
            <param index="0">
              <value>
                <![CDATA[chrome]]>
              </value>
            </param>
          </params>
          <reporter-output>
          </reporter-output>
        </test-method> <!-- setupMethod -->
        <test-method status="FAIL" signature="VerifyHelpTextProfile(java.lang.String, java.lang.String, java.lang.String, java.lang.String, java.lang.String, java.lang.String, java.lang.String, java.lang.String, java.lang.String)[pri:0, instance:com.justrechargeit.testProfile.UpdateProfileWithValidData@28d25987]" name="VerifyHelpTextProfile" duration-ms="3993" started-at="2017-09-09T22:45:07Z" data-provider="xlsData" finished-at="2017-09-09T22:45:11Z">
          <params>
            <param index="0">
              <value>
                <![CDATA[UpdateProfileWithValidData]]>
              </value>
            </param>
            <param index="1">
              <value>
                <![CDATA[Pooja]]>
              </value>
            </param>
            <param index="2">
              <value>
                <![CDATA[247, Durga Nagar]]>
              </value>
            </param>
            <param index="3">
              <value>
                <![CDATA[Indore]]>
              </value>
            </param>
            <param index="4">
              <value>
                <![CDATA[Madhya Pradesh]]>
              </value>
            </param>
            <param index="5">
              <value>
                <![CDATA[452001]]>
              </value>
            </param>
            <param index="6">
              <value>
                <![CDATA[11/09/2016]]>
              </value>
            </param>
            <param index="7">
              <value>
                <![CDATA[9893462148]]>
              </value>
            </param>
            <param index="8">
              <value>
                <![CDATA[Correct_Data]]>
              </value>
            </param>
          </params>
          <exception class="java.lang.NullPointerException">
            <full-stacktrace>
              <![CDATA[java.lang.NullPointerException
	at com.justrechargeit.subscripts.ProfileMethods.UpdateProfileData(ProfileMethods.java:35)
	at com.justrechargeit.testProfile.UpdateProfileWithValidData.VerifyHelpTextProfile(UpdateProfileWithValidData.java:46)
	at sun.reflect.NativeMethodAccessorImpl.invoke0(Native Method)
	at sun.reflect.NativeMethodAccessorImpl.invoke(NativeMethodAccessorImpl.java:62)
	at sun.reflect.DelegatingMethodAccessorImpl.invoke(DelegatingMethodAccessorImpl.java:43)
	at java.lang.reflect.Method.invoke(Method.java:497)
	at org.testng.internal.MethodInvocationHelper.invokeMethod(MethodInvocationHelper.java:80)
	at org.testng.internal.Invoker.invokeMethod(Invoker.java:714)
	at org.testng.internal.Invoker.invokeTestMethod(Invoker.java:901)
	at org.testng.internal.Invoker.invokeTestMethods(Invoker.java:1231)
	at org.testng.internal.TestMethodWorker.invokeTestMethods(TestMethodWorker.java:127)
	at org.testng.internal.TestMethodWorker.run(TestMethodWorker.java:111)
	at org.testng.TestRunner.privateRun(TestRunner.java:767)
	at org.testng.TestRunner.run(TestRunner.java:617)
	at org.testng.SuiteRunner.runTest(SuiteRunner.java:334)
	at org.testng.SuiteRunner.runSequentially(SuiteRunner.java:329)
	at org.testng.SuiteRunner.privateRun(SuiteRunner.java:291)
	at org.testng.SuiteRunner.run(SuiteRunner.java:240)
	at org.testng.SuiteRunnerWorker.runSuite(SuiteRunnerWorker.java:52)
	at org.testng.SuiteRunnerWorker.run(SuiteRunnerWorker.java:86)
	at org.testng.TestNG.runSuitesSequentially(TestNG.java:1198)
	at org.testng.TestNG.runSuitesLocally(TestNG.java:1123)
	at org.testng.TestNG.run(TestNG.java:1031)
	at org.testng.remote.AbstractRemoteTestNG.run(AbstractRemoteTestNG.java:114)
	at org.testng.remote.RemoteTestNG.initAndRun(RemoteTestNG.java:251)
	at org.testng.remote.RemoteTestNG.main(RemoteTestNG.java:77)
]]>
            </full-stacktrace>
          </exception> <!-- java.lang.NullPointerException -->
          <reporter-output>
          </reporter-output>
        </test-method> <!-- VerifyHelpTextProfile -->
        <test-method status="PASS" signature="AfterMethod(org.testng.ITestResult)[pri:0, instance:com.justrechargeit.testProfile.UpdateProfileWithValidData@28d25987]" name="AfterMethod" is-config="true" duration-ms="739" started-at="2017-09-09T22:45:11Z" finished-at="2017-09-09T22:45:12Z">
          <params>
            <param index="0">
              <value>
                <![CDATA[[TestResult name=VerifyHelpTextProfile status=FAILURE method=UpdateProfileWithValidData.VerifyHelpTextProfile(java.lang.String, java.lang.String, java.lang.String, java.lang.String, java.lang.String, java.lang.String, java.lang.String, java.lang.String, java.lang.String)[pri:0, instance:com.justrechargeit.testProfile.UpdateProfileWithValidData@28d25987] output={null}]]]>
              </value>
            </param>
          </params>
          <reporter-output>
          </reporter-output>
        </test-method> <!-- AfterMethod -->
      </class> <!-- com.justrechargeit.testProfile.UpdateProfileWithValidData -->
    </test> <!-- Default test -->
  </suite> <!-- Default suite -->
</testng-results>
