<?xml version="1.0" encoding="UTF-8"?>
<!-- Generated by org.testng.reporters.JUnitXMLReporter -->
<testsuite hostname="DESKTOP-DPDJ8RJ" ignored="0" name="LoginInvalid" tests="4" failures="1" timestamp="24 Aug 2017 03:25:23 GMT" time="26.895" errors="0">
  <testcase name="testMethod" time="3.329" classname="com.justrechargeit.testLogin.LoginWithInvalidData"/>
  <testcase name="testMethod" time="2.256" classname="com.justrechargeit.testLogin.LoginWithInvalidData"/>
  <testcase name="testMethod" time="3.135" classname="com.justrechargeit.testLogin.LoginWithInvalidData"/>
  <testcase name="testMethod" time="2.257" classname="com.justrechargeit.testLogin.LoginWithInvalidData">
    <failure type="java.lang.AssertionError" message="expected [Enter valid email for login] but found []">
      <![CDATA[java.lang.AssertionError: expected [Enter valid email for login] but found []
	at com.justrechargeit.testLogin.LoginWithInvalidData.testMethod(LoginWithInvalidData.java:73)
... Removed 31 stack frames]]>
    </failure>
  </testcase> <!-- testMethod -->
</testsuite> <!-- LoginInvalid -->
