<?xml version="1.0" encoding="UTF-8"?>
<!-- Generated by org.testng.reporters.JUnitXMLReporter -->
<testsuite hostname="DESKTOP-DPDJ8RJ" name="LoginInvalid_IE" tests="1" failures="0" timestamp="6 Sep 2017 17:23:42 GMT" time="0.55" errors="0">
  <testcase name="@BeforeClass setupMethod" time="0.0" classname="com.justrechargeit.testLogin.LoginWithInvalidData">
    <failure type="org.openqa.selenium.remote.SessionNotFoundException" message="Unexpected error launching Internet Explorer. Protected Mode settings are not the same for all zones. Enable Protected Mode must be set to the same value (enabled or disabled) for all zones. (WARNING: The server did not provide any stacktrace information)
Command duration or timeout: 532 milliseconds
Build info: version: &amp;apos;2.50.1&amp;apos;, revision: &amp;apos;d7fc91b29de65b790abb01f3ac5f7ea2191c88a7&amp;apos;, time: &amp;apos;2016-01-29 11:11:26&amp;apos;
System info: host: &amp;apos;DESKTOP-DPDJ8RJ&amp;apos;, ip: &amp;apos;192.168.0.104&amp;apos;, os.name: &amp;apos;Windows 10&amp;apos;, os.arch: &amp;apos;amd64&amp;apos;, os.version: &amp;apos;10.0&amp;apos;, java.version: &amp;apos;1.8.0_71&amp;apos;
Driver info: org.openqa.selenium.ie.InternetExplorerDriver">
      <![CDATA[org.openqa.selenium.remote.SessionNotFoundException: Unexpected error launching Internet Explorer. Protected Mode settings are not the same for all zones. Enable Protected Mode must be set to the same value (enabled or disabled) for all zones. (WARNING: The server did not provide any stacktrace information)
Command duration or timeout: 532 milliseconds
Build info: version: '2.50.1', revision: 'd7fc91b29de65b790abb01f3ac5f7ea2191c88a7', time: '2016-01-29 11:11:26'
System info: host: 'DESKTOP-DPDJ8RJ', ip: '192.168.0.104', os.name: 'Windows 10', os.arch: 'amd64', os.version: '10.0', java.version: '1.8.0_71'
Driver info: org.openqa.selenium.ie.InternetExplorerDriver
	at org.openqa.selenium.remote.ErrorHandler.createThrowable(ErrorHandler.java:206)
	at org.openqa.selenium.remote.ErrorHandler.throwIfResponseFailed(ErrorHandler.java:164)
	at org.openqa.selenium.remote.RemoteWebDriver.execute(RemoteWebDriver.java:678)
	at org.openqa.selenium.remote.RemoteWebDriver.startSession(RemoteWebDriver.java:249)
	at org.openqa.selenium.remote.RemoteWebDriver.startSession(RemoteWebDriver.java:234)
	at org.openqa.selenium.ie.InternetExplorerDriver.run(InternetExplorerDriver.java:182)
	at org.openqa.selenium.ie.InternetExplorerDriver.<init>(InternetExplorerDriver.java:174)
	at org.openqa.selenium.ie.InternetExplorerDriver.<init>(InternetExplorerDriver.java:146)
	at com.justrechargeit.base.TestBase.setBrowser(TestBase.java:47)
	at com.justrechargeit.testLogin.LoginWithInvalidData.setupMethod(LoginWithInvalidData.java:23)
... Removed 28 stack frames]]>
    </failure>
  </testcase> <!-- @BeforeClass setupMethod -->
  <testcase name="testMethod" time="0.001" classname="com.justrechargeit.testLogin.LoginWithInvalidData">
    <skipped/>
  </testcase> <!-- testMethod -->
</testsuite> <!-- LoginInvalid_IE -->
