<?xml version="1.0" encoding="UTF-8"?>
<!-- Generated by org.testng.reporters.JUnitXMLReporter -->
<testsuite hostname="DESKTOP-DPDJ8RJ" ignored="0" name="RegisterInvalid" tests="4" failures="0" timestamp="24 Aug 2017 03:24:56 GMT" time="51.573" errors="0">
  <testcase name="registerWithInvalidData" time="8.454" classname="com.justrechargeit.testRegister.TestRegisterWithInValidData"/>
  <testcase name="registerWithInvalidData" time="8.322" classname="com.justrechargeit.testRegister.TestRegisterWithInValidData"/>
  <testcase name="registerWithInvalidData" time="8.085" classname="com.justrechargeit.testRegister.TestRegisterWithInValidData"/>
  <testcase name="registerWithInvalidData" time="8.4" classname="com.justrechargeit.testRegister.TestRegisterWithInValidData"/>
</testsuite> <!-- RegisterInvalid -->
